{
  "stats": {
    "suites": 0,
    "tests": 4,
    "passes": 3,
    "pending": 0,
    "failures": 1,
    "start": "2022-12-28T03:57:49.478Z",
    "end": "2022-12-28T03:57:59.087Z",
    "duration": 9609,
    "testsRegistered": 4,
    "passPercent": 75,
    "pendingPercent": 0,
    "other": 0,
    "hasOther": false,
    "skipped": 0,
    "hasSkipped": false
  },
  "results": [
    {
      "uuid": "a4eb40d0-7599-4bc0-983d-accbc7ecc1e7",
      "title": "",
      "fullFile": "cypress/integration/login.ts",
      "file": "cypress/integration/login.ts",
      "beforeHooks": [],
      "afterHooks": [],
      "tests": [
        {
          "title": "Test LOGIN",
          "fullTitle": "Test LOGIN",
          "timedOut": null,
          "duration": 1144,
          "state": "passed",
          "speed": "fast",
          "pass": true,
          "fail": false,
          "pending": false,
          "context": null,
          "code": "loginPage.login(URL, 'standard_user', 'secret_sauce');\nloginPage.assertLogin();",
          "err": {},
          "uuid": "01a5e145-796c-4d59-a769-851aafa864ff",
          "parentUUID": "a4eb40d0-7599-4bc0-983d-accbc7ecc1e7",
          "isHook": false,
          "skipped": false
        },
        {
          "title": "Test Sauce Demo Invalid Password",
          "fullTitle": "Test Sauce Demo Invalid Password",
          "timedOut": null,
          "duration": 929,
          "state": "passed",
          "speed": "fast",
          "pass": true,
          "fail": false,
          "pending": false,
          "context": null,
          "code": "loginPage.login(URL, 'standard_user', 'invalidPass');\nloginPage.assertLoginFail();",
          "err": {},
          "uuid": "fec75c8c-2890-4680-afa7-71099bef0ecb",
          "parentUUID": "a4eb40d0-7599-4bc0-983d-accbc7ecc1e7",
          "isHook": false,
          "skipped": false
        },
        {
          "title": "Test Sauce Demo Sauce labs product backpack",
          "fullTitle": "Test Sauce Demo Sauce labs product backpack",
          "timedOut": null,
          "duration": 934,
          "state": "passed",
          "speed": "fast",
          "pass": true,
          "fail": false,
          "pending": false,
          "context": null,
          "code": "loginPage.login(URL, 'standard_user', 'secret_sauce');\nloginPage.assertLogin();\ndashboardPage.sauceLabsBackpack();",
          "err": {},
          "uuid": "cf0b1ad1-c7fd-4b45-bc9b-ed92787bf6d0",
          "parentUUID": "a4eb40d0-7599-4bc0-983d-accbc7ecc1e7",
          "isHook": false,
          "skipped": false
        },
        {
          "title": "Add to cart successfully",
          "fullTitle": "Add to cart successfully",
          "timedOut": null,
          "duration": 5035,
          "state": "failed",
          "speed": null,
          "pass": false,
          "fail": true,
          "pending": false,
          "context": null,
          "code": "loginPage.login(URL, 'standard_user', 'secret_sauce');\nloginPage.assertLogin();\ndashboardPage.addCartSauceLabsBackpack();\ndashboardPage.assertCartBackpack();",
          "err": {
            "message": "AssertionError: Timed out retrying after 4000ms: Expected to find element: `undefined`, but never found it.",
            "estack": "AssertionError: Timed out retrying after 4000ms: Expected to find element: `undefined`, but never found it.\n    at DashboardPage.addCartSauceLabsBackpack (https://www.saucedemo.com/__cypress/tests?p=cypress\\integration\\login.ts:147:12)\n    at Context.eval (https://www.saucedemo.com/__cypress/tests?p=cypress\\integration\\login.ts:120:19)",
            "diff": null
          },
          "uuid": "b31875d5-c7ac-4928-9d22-3b6fa9c4a4fe",
          "parentUUID": "a4eb40d0-7599-4bc0-983d-accbc7ecc1e7",
          "isHook": false,
          "skipped": false
        }
      ],
      "suites": [],
      "passes": [
        "01a5e145-796c-4d59-a769-851aafa864ff",
        "fec75c8c-2890-4680-afa7-71099bef0ecb",
        "cf0b1ad1-c7fd-4b45-bc9b-ed92787bf6d0"
      ],
      "failures": [
        "b31875d5-c7ac-4928-9d22-3b6fa9c4a4fe"
      ],
      "pending": [],
      "skipped": [],
      "duration": 8042,
      "root": true,
      "rootEmpty": false,
      "_timeout": 2000
    }
  ],
  "meta": {
    "mocha": {
      "version": "7.0.1"
    },
    "mochawesome": {
      "options": {
        "quiet": false,
        "reportFilename": "mochawesome",
        "saveHtml": false,
        "saveJson": true,
        "consoleReporter": "spec",
        "useInlineDiffs": false,
        "code": true
      },
      "version": "7.1.3"
    },
    "marge": {
      "options": {
        "chart": true,
        "overwrite": false,
        "html": false,
        "json": true,
        "reportDir": "cypress/reports"
      },
      "version": "6.2.0"
    }
  }
}