{
  "stats": {
    "suites": 0,
    "tests": 4,
    "passes": 3,
    "pending": 0,
    "failures": 1,
    "start": "2022-12-28T04:10:20.121Z",
    "end": "2022-12-28T04:10:29.899Z",
    "duration": 9778,
    "testsRegistered": 4,
    "passPercent": 75,
    "pendingPercent": 0,
    "other": 0,
    "hasOther": false,
    "skipped": 0,
    "hasSkipped": false
  },
  "results": [
    {
      "uuid": "357f4a7c-0b57-43a3-a8d7-715558d05b33",
      "title": "",
      "fullFile": "cypress/integration/login.ts",
      "file": "cypress/integration/login.ts",
      "beforeHooks": [],
      "afterHooks": [],
      "tests": [
        {
          "title": "Test LOGIN",
          "fullTitle": "Test LOGIN",
          "timedOut": null,
          "duration": 1111,
          "state": "passed",
          "speed": "fast",
          "pass": true,
          "fail": false,
          "pending": false,
          "context": null,
          "code": "loginPage.login(URL, 'standard_user', 'secret_sauce');\nloginPage.assertLogin();",
          "err": {},
          "uuid": "98b4c300-f340-4edc-9403-bc9242dd3dc6",
          "parentUUID": "357f4a7c-0b57-43a3-a8d7-715558d05b33",
          "isHook": false,
          "skipped": false
        },
        {
          "title": "Test Sauce Demo Invalid Password",
          "fullTitle": "Test Sauce Demo Invalid Password",
          "timedOut": null,
          "duration": 974,
          "state": "passed",
          "speed": "fast",
          "pass": true,
          "fail": false,
          "pending": false,
          "context": null,
          "code": "loginPage.login(URL, 'standard_user', 'invalidPass');\nloginPage.assertLoginFail();",
          "err": {},
          "uuid": "7d28809a-eb58-4214-83d4-832ab17a5e8f",
          "parentUUID": "357f4a7c-0b57-43a3-a8d7-715558d05b33",
          "isHook": false,
          "skipped": false
        },
        {
          "title": "Test Sauce Demo Sauce labs product backpack",
          "fullTitle": "Test Sauce Demo Sauce labs product backpack",
          "timedOut": null,
          "duration": 931,
          "state": "passed",
          "speed": "fast",
          "pass": true,
          "fail": false,
          "pending": false,
          "context": null,
          "code": "loginPage.login(URL, 'standard_user', 'secret_sauce');\nloginPage.assertLogin();\ndashboardPage.sauceLabsBackpack();",
          "err": {},
          "uuid": "f773f3a1-f805-4b3c-abea-c204aef2de1c",
          "parentUUID": "357f4a7c-0b57-43a3-a8d7-715558d05b33",
          "isHook": false,
          "skipped": false
        },
        {
          "title": "Add to cart successfully",
          "fullTitle": "Add to cart successfully",
          "timedOut": null,
          "duration": 5183,
          "state": "failed",
          "speed": null,
          "pass": false,
          "fail": true,
          "pending": false,
          "context": null,
          "code": "loginPage.login(URL, 'standard_user', 'secret_sauce');\nloginPage.assertLogin();\ndashboardPage.addCartSauceLabsBackpack();\ndashboardPage.assertCartBackpack();",
          "err": {
            "message": "AssertionError: Timed out retrying after 4000ms: Expected to find content: '#item_4_title_link' but never did.",
            "estack": "AssertionError: Timed out retrying after 4000ms: Expected to find content: '#item_4_title_link' but never did.\n    at DashboardPage.assertCartBackpack (https://www.saucedemo.com/__cypress/tests?p=cypress\\integration\\login.ts:154:43)\n    at Context.eval (https://www.saucedemo.com/__cypress/tests?p=cypress\\integration\\login.ts:121:19)",
            "diff": null
          },
          "uuid": "cb65fa90-58eb-4cb1-80a5-dccac2ecd37c",
          "parentUUID": "357f4a7c-0b57-43a3-a8d7-715558d05b33",
          "isHook": false,
          "skipped": false
        }
      ],
      "suites": [],
      "passes": [
        "98b4c300-f340-4edc-9403-bc9242dd3dc6",
        "7d28809a-eb58-4214-83d4-832ab17a5e8f",
        "f773f3a1-f805-4b3c-abea-c204aef2de1c"
      ],
      "failures": [
        "cb65fa90-58eb-4cb1-80a5-dccac2ecd37c"
      ],
      "pending": [],
      "skipped": [],
      "duration": 8199,
      "root": true,
      "rootEmpty": false,
      "_timeout": 2000
    }
  ],
  "meta": {
    "mocha": {
      "version": "7.0.1"
    },
    "mochawesome": {
      "options": {
        "quiet": false,
        "reportFilename": "mochawesome",
        "saveHtml": false,
        "saveJson": true,
        "consoleReporter": "spec",
        "useInlineDiffs": false,
        "code": true
      },
      "version": "7.1.3"
    },
    "marge": {
      "options": {
        "chart": true,
        "overwrite": false,
        "html": false,
        "json": true,
        "reportDir": "cypress/reports"
      },
      "version": "6.2.0"
    }
  }
}