{
  "stats": {
    "suites": 0,
    "tests": 10,
    "passes": 7,
    "pending": 0,
    "failures": 3,
    "start": "2022-12-28T07:24:39.937Z",
    "end": "2022-12-28T07:25:04.672Z",
    "duration": 24735,
    "testsRegistered": 10,
    "passPercent": 70,
    "pendingPercent": 0,
    "other": 0,
    "hasOther": false,
    "skipped": 0,
    "hasSkipped": false
  },
  "results": [
    {
      "uuid": "c94042e9-1248-4113-bf2a-7505e001d6fa",
      "title": "",
      "fullFile": "cypress/integration/main.ts",
      "file": "cypress/integration/main.ts",
      "beforeHooks": [],
      "afterHooks": [],
      "tests": [
        {
          "title": "Test LOGIN",
          "fullTitle": "Test LOGIN",
          "timedOut": null,
          "duration": 1320,
          "state": "passed",
          "speed": "fast",
          "pass": true,
          "fail": false,
          "pending": false,
          "context": null,
          "code": "loginPage.login(URL, 'standard_user', 'secret_sauce');\nloginPage.assertLogin();",
          "err": {},
          "uuid": "d9130abf-b2a5-49e9-8f65-573ef69231da",
          "parentUUID": "c94042e9-1248-4113-bf2a-7505e001d6fa",
          "isHook": false,
          "skipped": false
        },
        {
          "title": "Test Sauce Demo Invalid Password",
          "fullTitle": "Test Sauce Demo Invalid Password",
          "timedOut": null,
          "duration": 959,
          "state": "passed",
          "speed": "fast",
          "pass": true,
          "fail": false,
          "pending": false,
          "context": null,
          "code": "loginPage.login(URL, 'standard_user', 'invalidPass');\nloginPage.assertLoginFail();",
          "err": {},
          "uuid": "c39e27d2-e2fd-47d2-8992-8d8f847a9cd0",
          "parentUUID": "c94042e9-1248-4113-bf2a-7505e001d6fa",
          "isHook": false,
          "skipped": false
        },
        {
          "title": "Test Sauce Demo Sauce labs product backpack",
          "fullTitle": "Test Sauce Demo Sauce labs product backpack",
          "timedOut": null,
          "duration": 934,
          "state": "passed",
          "speed": "fast",
          "pass": true,
          "fail": false,
          "pending": false,
          "context": null,
          "code": "loginPage.login(URL, 'standard_user', 'secret_sauce');\nloginPage.assertLogin();\ndashboardPage.sauceLabsBackpack();",
          "err": {},
          "uuid": "7bc2d20d-7a5a-4d5d-a6c9-60e667bdf604",
          "parentUUID": "c94042e9-1248-4113-bf2a-7505e001d6fa",
          "isHook": false,
          "skipped": false
        },
        {
          "title": "Add to cart successfully",
          "fullTitle": "Add to cart successfully",
          "timedOut": null,
          "duration": 1121,
          "state": "passed",
          "speed": "fast",
          "pass": true,
          "fail": false,
          "pending": false,
          "context": null,
          "code": "loginPage.login(URL, 'standard_user', 'secret_sauce');\nloginPage.assertLogin();\ndashboardPage.addCartSauceLabsBackpack();\ndashboardPage.assertCartBackpack();",
          "err": {},
          "uuid": "70a69251-2171-47a5-82d0-b33b7ff0867a",
          "parentUUID": "c94042e9-1248-4113-bf2a-7505e001d6fa",
          "isHook": false,
          "skipped": false
        },
        {
          "title": "Remove product from cart",
          "fullTitle": "Remove product from cart",
          "timedOut": null,
          "duration": 1084,
          "state": "passed",
          "speed": "fast",
          "pass": true,
          "fail": false,
          "pending": false,
          "context": null,
          "code": "loginPage.login(URL, 'standard_user', 'secret_sauce');\nloginPage.assertLogin();\ndashboardPage.addCartSauceLabsBackpack();\ndashboardPage.assertCartBackpack();\ncartPage.removeProductFromCart();\ncartPage.assertRemovefromCart();",
          "err": {},
          "uuid": "3535d8f9-a1eb-448c-b5a8-2db6db1c6d11",
          "parentUUID": "c94042e9-1248-4113-bf2a-7505e001d6fa",
          "isHook": false,
          "skipped": false
        },
        {
          "title": "Filter Name on Product List",
          "fullTitle": "Filter Name on Product List",
          "timedOut": null,
          "duration": 993,
          "state": "passed",
          "speed": "fast",
          "pass": true,
          "fail": false,
          "pending": false,
          "context": null,
          "code": "loginPage.login(URL, 'standard_user', 'secret_sauce');\nloginPage.assertLogin();\ndashboardPage.filterNameZtoA();\ndashboardPage.assertFilterName();",
          "err": {},
          "uuid": "f73dc73e-c6d0-4e73-8506-eaf290cd675c",
          "parentUUID": "c94042e9-1248-4113-bf2a-7505e001d6fa",
          "isHook": false,
          "skipped": false
        },
        {
          "title": "Filter Price on Product List",
          "fullTitle": "Filter Price on Product List",
          "timedOut": null,
          "duration": 976,
          "state": "passed",
          "speed": "fast",
          "pass": true,
          "fail": false,
          "pending": false,
          "context": null,
          "code": "loginPage.login(URL, 'standard_user', 'secret_sauce');\nloginPage.assertLogin();\ndashboardPage.filterPriceHitoLo();\ndashboardPage.assertFilterPrice();",
          "err": {},
          "uuid": "4f49cea8-6f03-40f0-bd28-eadbb8bfb3c2",
          "parentUUID": "c94042e9-1248-4113-bf2a-7505e001d6fa",
          "isHook": false,
          "skipped": false
        },
        {
          "title": "Checkout Successfully",
          "fullTitle": "Checkout Successfully",
          "timedOut": null,
          "duration": 5161,
          "state": "failed",
          "speed": null,
          "pass": false,
          "fail": true,
          "pending": false,
          "context": null,
          "code": "loginPage.login(URL, 'standard_user', 'secret_sauce');\nloginPage.assertLogin();\ndashboardPage.addCartSauceLabsBackpack();\ndashboardPage.assertCartBackpack();\ncartPage.checkoutProcess('John', 'Cena', '12345');\ncartPage.assertCheckoutSuccess();",
          "err": {
            "message": "AssertionError: Timed out retrying after 4000ms: Expected to find element: `#firstName`, but never found it.",
            "estack": "AssertionError: Timed out retrying after 4000ms: Expected to find element: `#firstName`, but never found it.\n    at CartPage.inputFirstName (https://www.saucedemo.com/__cypress/tests?p=cypress\\integration\\main.ts:203:12)\n    at CartPage.checkoutProcess (https://www.saucedemo.com/__cypress/tests?p=cypress\\integration\\main.ts:222:14)\n    at Context.eval (https://www.saucedemo.com/__cypress/tests?p=cypress\\integration\\main.ts:150:14)",
            "diff": null
          },
          "uuid": "42a38209-79f7-4c4d-ab8a-c5784c3d5026",
          "parentUUID": "c94042e9-1248-4113-bf2a-7505e001d6fa",
          "isHook": false,
          "skipped": false
        },
        {
          "title": "Checkout Failed - Empty First Name Field",
          "fullTitle": "Checkout Failed - Empty First Name Field",
          "timedOut": null,
          "duration": 5176,
          "state": "failed",
          "speed": null,
          "pass": false,
          "fail": true,
          "pending": false,
          "context": null,
          "code": "loginPage.login(URL, 'standard_user', 'secret_sauce');\nloginPage.assertLogin();\ndashboardPage.addCartSauceLabsBackpack();\ndashboardPage.assertCartBackpack();\ncartPage.checkoutProcess('', 'Cena', '12345');\ncartPage.assertCheckoutFailNoFirstName();",
          "err": {
            "message": "AssertionError: Timed out retrying after 4000ms: Expected to find element: `#firstName`, but never found it.",
            "estack": "AssertionError: Timed out retrying after 4000ms: Expected to find element: `#firstName`, but never found it.\n    at CartPage.inputFirstName (https://www.saucedemo.com/__cypress/tests?p=cypress\\integration\\main.ts:203:12)\n    at CartPage.checkoutProcess (https://www.saucedemo.com/__cypress/tests?p=cypress\\integration\\main.ts:222:14)\n    at Context.eval (https://www.saucedemo.com/__cypress/tests?p=cypress\\integration\\main.ts:158:14)",
            "diff": null
          },
          "uuid": "26c8b7ca-6a17-45c6-912d-f6427a0e9829",
          "parentUUID": "c94042e9-1248-4113-bf2a-7505e001d6fa",
          "isHook": false,
          "skipped": false
        },
        {
          "title": "Checkout Failed - Empty Last Name Field",
          "fullTitle": "Checkout Failed - Empty Last Name Field",
          "timedOut": null,
          "duration": 5268,
          "state": "failed",
          "speed": null,
          "pass": false,
          "fail": true,
          "pending": false,
          "context": null,
          "code": "loginPage.login(URL, 'standard_user', 'secret_sauce');\nloginPage.assertLogin();\ndashboardPage.addCartSauceLabsBackpack();\ndashboardPage.assertCartBackpack();\ncartPage.checkoutProcess('John', '', '12345');\ncartPage.assertCheckoutFailNoLastName();",
          "err": {
            "message": "AssertionError: Timed out retrying after 4000ms: Expected to find element: `#firstName`, but never found it.",
            "estack": "AssertionError: Timed out retrying after 4000ms: Expected to find element: `#firstName`, but never found it.\n    at CartPage.inputFirstName (https://www.saucedemo.com/__cypress/tests?p=cypress\\integration\\main.ts:203:12)\n    at CartPage.checkoutProcess (https://www.saucedemo.com/__cypress/tests?p=cypress\\integration\\main.ts:222:14)\n    at Context.eval (https://www.saucedemo.com/__cypress/tests?p=cypress\\integration\\main.ts:166:14)",
            "diff": null
          },
          "uuid": "8febec93-a509-4609-830c-cd7308fbe5ad",
          "parentUUID": "c94042e9-1248-4113-bf2a-7505e001d6fa",
          "isHook": false,
          "skipped": false
        }
      ],
      "suites": [],
      "passes": [
        "d9130abf-b2a5-49e9-8f65-573ef69231da",
        "c39e27d2-e2fd-47d2-8992-8d8f847a9cd0",
        "7bc2d20d-7a5a-4d5d-a6c9-60e667bdf604",
        "70a69251-2171-47a5-82d0-b33b7ff0867a",
        "3535d8f9-a1eb-448c-b5a8-2db6db1c6d11",
        "f73dc73e-c6d0-4e73-8506-eaf290cd675c",
        "4f49cea8-6f03-40f0-bd28-eadbb8bfb3c2"
      ],
      "failures": [
        "42a38209-79f7-4c4d-ab8a-c5784c3d5026",
        "26c8b7ca-6a17-45c6-912d-f6427a0e9829",
        "8febec93-a509-4609-830c-cd7308fbe5ad"
      ],
      "pending": [],
      "skipped": [],
      "duration": 22992,
      "root": true,
      "rootEmpty": false,
      "_timeout": 2000
    }
  ],
  "meta": {
    "mocha": {
      "version": "7.0.1"
    },
    "mochawesome": {
      "options": {
        "quiet": false,
        "reportFilename": "mochawesome",
        "saveHtml": false,
        "saveJson": true,
        "consoleReporter": "spec",
        "useInlineDiffs": false,
        "code": true
      },
      "version": "7.1.3"
    },
    "marge": {
      "options": {
        "chart": true,
        "overwrite": false,
        "html": false,
        "json": true,
        "reportDir": "cypress/reports"
      },
      "version": "6.2.0"
    }
  }
}