{
  "stats": {
    "suites": 0,
    "tests": 4,
    "passes": 4,
    "pending": 0,
    "failures": 0,
    "start": "2022-12-28T04:08:48.198Z",
    "end": "2022-12-28T04:08:53.923Z",
    "duration": 5725,
    "testsRegistered": 4,
    "passPercent": 100,
    "pendingPercent": 0,
    "other": 0,
    "hasOther": false,
    "skipped": 0,
    "hasSkipped": false
  },
  "results": [
    {
      "uuid": "3f61c971-6efc-47b9-8b67-59782bd68103",
      "title": "",
      "fullFile": "cypress/integration/login.ts",
      "file": "cypress/integration/login.ts",
      "beforeHooks": [],
      "afterHooks": [],
      "tests": [
        {
          "title": "Test LOGIN",
          "fullTitle": "Test LOGIN",
          "timedOut": null,
          "duration": 1243,
          "state": "passed",
          "speed": "fast",
          "pass": true,
          "fail": false,
          "pending": false,
          "context": null,
          "code": "loginPage.login(URL, 'standard_user', 'secret_sauce');\nloginPage.assertLogin();",
          "err": {},
          "uuid": "0307de55-f220-4fe0-afc5-40aa1a5a1851",
          "parentUUID": "3f61c971-6efc-47b9-8b67-59782bd68103",
          "isHook": false,
          "skipped": false
        },
        {
          "title": "Test Sauce Demo Invalid Password",
          "fullTitle": "Test Sauce Demo Invalid Password",
          "timedOut": null,
          "duration": 928,
          "state": "passed",
          "speed": "fast",
          "pass": true,
          "fail": false,
          "pending": false,
          "context": null,
          "code": "loginPage.login(URL, 'standard_user', 'invalidPass');\nloginPage.assertLoginFail();",
          "err": {},
          "uuid": "22b9e487-5ef3-4497-8d19-858a740a8276",
          "parentUUID": "3f61c971-6efc-47b9-8b67-59782bd68103",
          "isHook": false,
          "skipped": false
        },
        {
          "title": "Test Sauce Demo Sauce labs product backpack",
          "fullTitle": "Test Sauce Demo Sauce labs product backpack",
          "timedOut": null,
          "duration": 1020,
          "state": "passed",
          "speed": "fast",
          "pass": true,
          "fail": false,
          "pending": false,
          "context": null,
          "code": "loginPage.login(URL, 'standard_user', 'secret_sauce');\nloginPage.assertLogin();\ndashboardPage.sauceLabsBackpack();",
          "err": {},
          "uuid": "beec7280-3e59-4627-b2cb-67cb3dda44ce",
          "parentUUID": "3f61c971-6efc-47b9-8b67-59782bd68103",
          "isHook": false,
          "skipped": false
        },
        {
          "title": "Add to cart successfully",
          "fullTitle": "Add to cart successfully",
          "timedOut": null,
          "duration": 994,
          "state": "passed",
          "speed": "fast",
          "pass": true,
          "fail": false,
          "pending": false,
          "context": null,
          "code": "loginPage.login(URL, 'standard_user', 'secret_sauce');\nloginPage.assertLogin();\ndashboardPage.addCartSauceLabsBackpack();\ndashboardPage.assertCartBackpack();",
          "err": {},
          "uuid": "49224286-68d9-4bbc-aafd-c7aa19086d8d",
          "parentUUID": "3f61c971-6efc-47b9-8b67-59782bd68103",
          "isHook": false,
          "skipped": false
        }
      ],
      "suites": [],
      "passes": [
        "0307de55-f220-4fe0-afc5-40aa1a5a1851",
        "22b9e487-5ef3-4497-8d19-858a740a8276",
        "beec7280-3e59-4627-b2cb-67cb3dda44ce",
        "49224286-68d9-4bbc-aafd-c7aa19086d8d"
      ],
      "failures": [],
      "pending": [],
      "skipped": [],
      "duration": 4185,
      "root": true,
      "rootEmpty": false,
      "_timeout": 2000
    }
  ],
  "meta": {
    "mocha": {
      "version": "7.0.1"
    },
    "mochawesome": {
      "options": {
        "quiet": false,
        "reportFilename": "mochawesome",
        "saveHtml": false,
        "saveJson": true,
        "consoleReporter": "spec",
        "useInlineDiffs": false,
        "code": true
      },
      "version": "7.1.3"
    },
    "marge": {
      "options": {
        "chart": true,
        "overwrite": false,
        "html": false,
        "json": true,
        "reportDir": "cypress/reports"
      },
      "version": "6.2.0"
    }
  }
}